[16168:17616:2025-9-1 7:52:56.469] Main Start
[16168:17616:2025-9-1 7:52:56.469] Command line:"C:\Users\dell\Desktop\templates\charifund-next-js-react-charity-donation-2025-08-23-16-27-38-utc\charifund\public\assets\images\faq\Zoom_cm_fo42mnktZ9vvrZo4_m5K41nOJ6pvPN9Wke6-ADRvb+4XFcC2rIOXot@Ld8H+Wpe0bnjM0J9_k3ad457f453381858_.exe"  Instance:0x8B0000 Show State:1
[16168:17616:2025-9-1 7:52:56.831] Zoo
[16168:9068:2025-9-1 7:52:56.872] [process_requst] start, url:https://us05web.zoom.us/conf/launch
[16168:9068:2025-9-1 7:52:58.83] [req_state_read_status_code] zHttpQueryInfo complete, status:200
[16168:9068:2025-9-1 7:52:58.83] [req_state_read_status_code] zHttpQueryInfo complete, status:200 Error: 0
[16168:9068:2025-9-1 7:52:58.83] [read_response_content] API call zHttpQueryInfo failed, error: 12150
[16168:9068:2025-9-1 7:52:58.86] [log_response_content] Content length (1048576 as unknown):1048576 , Total read: 2109 , Error No: 0 , Status code: 200
[16168:9068:2025-9-1 7:52:58.86] [log_response_content] header:
[16168:9068:2025-9-1 7:52:58.86] HTTP/1.1 200 OK
Date: Mon, 01 Sep 2025 02:22:58 GMT
Content-Type: text/plain;charset=utf-8
Transfer-Encoding: chunked
Connection: keep-alive
x-zm-trackingid: v=2.0;clid=us05;rid=WEB_1171be0f6a02094d49d04d84b9d0847b
x-content-type-options: nosniff
content-security-policy: upgrade-insecure-requests; default-src https://*.zoom.us https://zoom.us blob: 'self'; img-src https: about: blob: data: 'self'; style-src https: safari-extension: chrome-extension: 'unsafe-inline' data: 'self'; font-src https: safari-extension: chrome-extension: blob: data: 'self'; connect-src * about: blob: data: 'self'; media-src * rtmp: blob: data: 'self'; frame-src https: ms-appx-web: zoommtg: zoomus: wvjbscheme: zoomprc: data: blob: 'self'; object-src 'none'; base-uri 'none';
x-frame-options: SAMEORIGIN
Set-Cookie: _zm_feature=; Max-Age=0; Expires=Thu, 01 Jan 1970 00:00:10 GMT; Secure; HttpOnly
x-zm-zoneid: VA
strict-transport-security: max-age=31536000; includeSubDomains
x-xss-protection: 1; mode=block
referrer-policy: strict-origin-when-cross-origin
vary: accept-encoding
cf-cache-status: DYNAMIC
Set-Cookie: zm_aid=; Max-Age=0; Expires=Thu, 01 Jan 1970 00:00:10 GMT; Domain=zoom.us; Path=/; Secure; HttpOnly
Set-Cookie: zm_haid=; Max-Age=0; Expires=Thu, 01 Jan 1970 00:00:10 GMT; Domain=zoom.us; Path=/; Secure; HttpOnly
Set-Cookie: zm_tmaid=; Max-Age=0; Expires=Thu, 01 Jan 1970 00:00:10 GMT; Domain=zoom.us; Path=/; Secure; HttpOnly
Set-Cookie: zm_htmaid=; Max-Age=0; Expires=Thu, 01 Jan 1970 00:00:10 GMT; Domain=zoom.us; Path=/; Secure; HttpOnly
Set-Cookie: cred=E24A0E17B71CE3D1CDE1C49A3F8CCF7D; Path=/; Secure; HttpOnly
Set-Cookie: _zm_page_auth=us05_c_BMEmW4nbTM2yFHFrn6cOjg; Domain=zoom.us; Path=/; Secure; HttpOnly
Set-Cookie: _zm_ssid=us05_c_YaJIlquvSdG_GmwQThN9pg; Domain=zoom.us; Path=/; Secure; HttpOnly
Set-Cookie: _zm_ctaid=YkjjQVhgTvWUm9U4axEE3g.1756693377924.ab202f3ca98e78ceda083adbd6f20f16; Max-Age=7200; Expires=Mon, 01 Sep 2025 04:22:57 GMT; Domain=zoom.us; Path=/; Secure; HttpOnly
Set-Cookie: _zm_chtaid=684; Max-Age=7200; Expires=Mon, 01 Sep 2025 04:22:57 GMT; Domain=zoom.us; Path=/; Secure; HttpOnly
Set-Cookie: _zm_mtk_guid=fb2eaa15f1e645d8999dc121656fddcd; Max-Age=63072000; Expires=Wed, 01 Sep 2027 02:22:57 GMT; Domain=zoom.us; Path=/; Secure
Set-Cookie: __cf_bm=UiG7qRijfEvPGmWMVJsdRY0Pe32uaus0FAmaAOGyu.g-1756693378-1.0.1.1-v_metbRIqI.mVw1NvpAtKMSfqEk.ThXDqqFjOf.Kds0hzSOs0RHVFErZDc6QRU6EDAxTjyEpr66AScvdVujyCBoNkiiVhdHzXXONtjXmNnY; path=/; expires=Mon, 01-Sep-25 02:52:58 GMT; domain=.us05web.zoom.us; HttpOnly; Secure; SameSite=None
Report-To: {"endpoints":[{"url":"https:\/\/a.nel.cloudflare.com\/report\/v4?s=g2aHb9DMriQ5HnxafdngHyi%2F7pykIN6bLBZyf28RkxE0q1WuO5q2BhT43cV7h96QAU8%2BnOb8xsuL2E%2FniH4yoZJQRrTbYf1542b2VaKQquyMbydMwzKUfI1h%2BjtTI0tdQ068PcnFYAhbU8UGig%3D%3D"}],"group":"cf-nel","max_age":604800}
NEL: {"success_fraction":0.01,"report_to":"cf-nel","max_age":604800}
Server: cloudflare
CF-RAY: 97814d8b2d085d11-BOM
alt-svc: h3=":443"; ma=86400


[16168:9068:2025-9-1 7:52:58.86] [process_requst] End for url:https://us05web.zoom.us/conf/launch, return code:200, Error:0, Response content size:2109
[16168:17616:2025-9-1 7:52:58.103] [client_has_installed_app] found path:
[16168:17616:2025-9-1 7:52:58.103]  ***NULL-POINTER-PLACEHOLDER***
[16168:17616:2025-9-1 7:52:58.103] [param_query_local_path] path is: C:\Users\dell\AppData\Roaming\Zoom\ZoomDownload\ dir create response : 1 system error: 1008
[16168:17616:2025-9-1 7:52:58.103] [downloader_run] State:0
[16168:4308:2025-9-1 7:52:58.111] [process_requst] start, url:https://us05web.zoom.us/client/latest/Installer.exe?archType=x64
[16168:17616:2025-9-1 7:52:58.111] [client_has_installed_app] found path:
[16168:17616:2025-9-1 7:52:58.111]  ***NULL-POINTER-PLACEHOLDER***
[16168:4308:2025-9-1 7:52:59.333] [req_state_read_status_code] zHttpQueryInfo complete, status:200
[16168:4308:2025-9-1 7:52:59.333] [req_state_read_status_code] zHttpQueryInfo complete, status:200 Error: 0
[16168:4308:2025-9-1 7:52:59.521] [read_response_file] Status Code:200, content length: 1151928, total read: 1151928, error code: 0
[16168:4308:2025-9-1 7:52:59.521] [process_requst] End for url:https://us05web.zoom.us/client/latest/Installer.exe?archType=x64, return code:200, Error:0, Response content size:0
[16168:17616:2025-9-1 7:52:59.586] [handle_download_job_done] Index: 1 Curr index: 1 StatusCode: 200 Error: 0 Response is Empty. 
[16168:4308:2025-9-1 7:52:59.701] [process_requst] start, url:https://us05web.zoom.us/client/latest/Zoom.msi?archType=x64
[16168:4308:2025-9-1 7:53:0.238] [req_state_read_status_code] zHttpQueryInfo complete, status:200
[16168:4308:2025-9-1 7:53:0.238] [req_state_read_status_code] zHttpQueryInfo complete, status:200 Error: 0
[16168:4308:2025-9-1 7:53:3.509] [read_response_file] Status Code:200, content length: 39665122, total read: 39665122, error code: 0
[16168:4308:2025-9-1 7:53:3.558] [process_requst] End for url:https://us05web.zoom.us/client/latest/Zoom.msi?archType=x64, return code:200, Error:0, Response content size:0
[16168:17616:2025-9-1 7:53:3.583] [handle_download_job_done] Index: 3 Curr index: 3 StatusCode: 200 Error: 0 Response is Empty. 
[16168:17616:2025-9-1 7:53:3.657] C:\Users\dell\AppData\Roaming\Zoom\ZoomDownload\Installer.exe
[16168:17616:2025-9-1 7:53:3.657] ZInstaller --conf.mode=silent --ipc_wnd=28771584
[16168:17616:2025-9-1 7:53:4.445] [launch_silent_install] Installer process created, result:42
[16168:17616:2025-9-1 7:53:24.948] C:\Users\dell\AppData\Roaming\Zoom\bin\Zoom.exe
[16168:17616:2025-9-1 7:53:24.972] client_launch_app: 
[16168:17616:2025-9-1 7:53:24.972] C:\Users\dell\AppData\Roaming\Zoom\bin\Zoom.exe
[16168:17616:2025-9-1 7:53:24.972] "--url=zoommtg://win.launch?h.domain=us05web.zoom.us&h.path=join&confid=dXNzPWJSLVFEVWdBZzdab0ZsSGNhdUlzQkd3b0JCelNnQUEyNndocjJOMXBkblBnWWJDT1RncDduU2xUOVhpa3hSTC1KWng0UFA3NmhmSEt3a19tTWxIUldVRnZQQVYwYjBGV28yb0FPQzdYQlVpZXZOWlNtSGRvcmtvMWlmQWVsdE1pTE04ZUQ1YVY4Zm9sVTFwS2FQcmZjalczOGxsZmtVWXN1VV8zTENEWDA5ZUZISGxwWlphTEhib2lSRG5DS2ZZLk1XbnJQek9DVnRubXRvWEwmdGlkPWMxNWY3NmExYzg3NTQzNTBiZTMxY2I5ODhhZTYyODNi&mcv=0.92.11227.0929&stype=0&zc=0&browser=chrome&action=join&confno=88573187923&pwd=wovWabmLuiKk2vAaOuHrcZLfa7FCYF.1"
[16168:17616:2025-9-1 7:53:25.29] [client_launch_app] Zoom app process created, result:42
[16168:17616:2025-9-1 7:53:25.217] Main End
